mode: set
manager/game/internal/infrastructure/database/generated/auth.sql.go:44.87,66.2 4 1
manager/game/internal/infrastructure/database/generated/auth.sql.go:74.86,89.2 4 1
manager/game/internal/infrastructure/database/generated/auth.sql.go:97.80,112.2 4 1
manager/game/internal/infrastructure/database/generated/auth.sql.go:127.106,142.2 4 1
manager/game/internal/infrastructure/database/generated/club.sql.go:47.87,70.2 4 1
manager/game/internal/infrastructure/database/generated/club.sql.go:79.82,94.2 4 1
manager/game/internal/infrastructure/database/generated/club.sql.go:102.87,104.16 2 1
manager/game/internal/infrastructure/database/generated/club.sql.go:104.16,106.3 1 1
manager/game/internal/infrastructure/database/generated/club.sql.go:107.2,109.18 3 1
manager/game/internal/infrastructure/database/generated/club.sql.go:109.18,121.17 2 1
manager/game/internal/infrastructure/database/generated/club.sql.go:121.17,123.4 1 1
manager/game/internal/infrastructure/database/generated/club.sql.go:124.3,124.27 1 1
manager/game/internal/infrastructure/database/generated/club.sql.go:126.2,126.37 1 1
manager/game/internal/infrastructure/database/generated/club.sql.go:126.37,128.3 1 0
manager/game/internal/infrastructure/database/generated/club.sql.go:129.2,129.35 1 1
manager/game/internal/infrastructure/database/generated/club.sql.go:129.35,131.3 1 1
manager/game/internal/infrastructure/database/generated/club.sql.go:132.2,132.19 1 1
manager/game/internal/infrastructure/database/generated/db.go:19.28,21.2 1 1
manager/game/internal/infrastructure/database/generated/db.go:27.47,31.2 1 1
manager/game/internal/infrastructure/database/generated/match.sql.go:41.90,65.2 4 1
manager/game/internal/infrastructure/database/generated/match.sql.go:99.105,122.2 4 1
manager/game/internal/infrastructure/database/generated/match.sql.go:134.72,137.2 2 1
manager/game/internal/infrastructure/database/generated/match.sql.go:147.92,149.16 2 1
manager/game/internal/infrastructure/database/generated/match.sql.go:149.16,151.3 1 1
manager/game/internal/infrastructure/database/generated/match.sql.go:152.2,154.18 3 1
manager/game/internal/infrastructure/database/generated/match.sql.go:154.18,169.17 2 1
manager/game/internal/infrastructure/database/generated/match.sql.go:169.17,171.4 1 0
manager/game/internal/infrastructure/database/generated/match.sql.go:172.3,172.27 1 1
manager/game/internal/infrastructure/database/generated/match.sql.go:174.2,174.37 1 1
manager/game/internal/infrastructure/database/generated/match.sql.go:174.37,176.3 1 0
manager/game/internal/infrastructure/database/generated/match.sql.go:177.2,177.35 1 1
manager/game/internal/infrastructure/database/generated/match.sql.go:177.35,179.3 1 1
manager/game/internal/infrastructure/database/generated/match.sql.go:180.2,180.19 1 1
manager/game/internal/infrastructure/database/generated/match.sql.go:201.105,209.2 2 1
manager/game/internal/infrastructure/database/generated/match.sql.go:247.108,267.2 4 1
manager/game/internal/infrastructure/database/generated/player.sql.go:43.93,62.2 4 1
manager/game/internal/infrastructure/database/generated/player.sql.go:70.94,72.16 2 1
manager/game/internal/infrastructure/database/generated/player.sql.go:72.16,74.3 1 1
manager/game/internal/infrastructure/database/generated/player.sql.go:75.2,77.18 3 1
manager/game/internal/infrastructure/database/generated/player.sql.go:77.18,86.17 2 1
manager/game/internal/infrastructure/database/generated/player.sql.go:86.17,88.4 1 0
manager/game/internal/infrastructure/database/generated/player.sql.go:89.3,89.27 1 1
manager/game/internal/infrastructure/database/generated/player.sql.go:91.2,91.37 1 1
manager/game/internal/infrastructure/database/generated/player.sql.go:91.37,93.3 1 0
manager/game/internal/infrastructure/database/generated/player.sql.go:94.2,94.35 1 1
manager/game/internal/infrastructure/database/generated/player.sql.go:94.35,96.3 1 1
manager/game/internal/infrastructure/database/generated/player.sql.go:97.2,97.19 1 1
manager/game/internal/infrastructure/database/generated/player.sql.go:106.80,118.2 4 1
manager/game/internal/infrastructure/database/generated/player.sql.go:126.78,129.2 2 1
manager/game/internal/infrastructure/database/generated/player.sql.go:136.70,138.16 2 1
manager/game/internal/infrastructure/database/generated/player.sql.go:138.16,140.3 1 1
manager/game/internal/infrastructure/database/generated/player.sql.go:141.2,143.18 3 1
manager/game/internal/infrastructure/database/generated/player.sql.go:143.18,152.17 2 1
manager/game/internal/infrastructure/database/generated/player.sql.go:152.17,154.4 1 0
manager/game/internal/infrastructure/database/generated/player.sql.go:155.3,155.27 1 1
manager/game/internal/infrastructure/database/generated/player.sql.go:157.2,157.37 1 1
manager/game/internal/infrastructure/database/generated/player.sql.go:157.37,159.3 1 0
manager/game/internal/infrastructure/database/generated/player.sql.go:160.2,160.35 1 1
manager/game/internal/infrastructure/database/generated/player.sql.go:160.35,162.3 1 1
manager/game/internal/infrastructure/database/generated/player.sql.go:163.2,163.19 1 1
manager/game/internal/infrastructure/database/generated/player.sql.go:187.93,206.2 4 1
manager/game/internal/infrastructure/database/generated/player.sql.go:225.113,242.2 4 1
manager/game/internal/infrastructure/database/generated/user_meta.sql.go:22.97,35.2 4 1
manager/game/internal/infrastructure/database/generated/user_meta.sql.go:70.100,89.2 4 1
