mode: set
manager/game/simulation/play_match.go:36.58,48.15 4 1
manager/game/simulation/play_match.go:48.15,49.23 1 1
manager/game/simulation/play_match.go:49.23,52.4 2 1
manager/game/simulation/play_match.go:52.9,55.4 2 0
manager/game/simulation/play_match.go:56.3,56.17 1 1
manager/game/simulation/play_match.go:59.2,59.16 1 1
manager/game/simulation/play_match.go:59.16,63.3 3 1
manager/game/simulation/play_match.go:65.2,68.27 3 1
manager/game/simulation/play_match.go:68.27,72.3 3 1
manager/game/simulation/play_match.go:72.8,72.49 1 1
manager/game/simulation/play_match.go:72.49,76.3 3 1
manager/game/simulation/play_match.go:76.8,78.3 1 1
manager/game/simulation/play_match.go:80.2,80.29 1 1
manager/game/simulation/play_match.go:80.29,84.3 3 1
manager/game/simulation/play_match.go:86.2,86.16 1 1
manager/game/simulation/play_match.go:89.51,97.2 3 1
manager/game/simulation/play_match.go:99.34,100.14 1 1
manager/game/simulation/play_match.go:100.14,102.3 1 1
manager/game/simulation/play_match.go:103.2,103.28 1 1
manager/game/simulation/play_match.go:103.28,105.3 1 1
manager/game/simulation/play_match.go:106.2,106.13 1 1
manager/game/simulation/play_match.go:109.29,110.29 1 1
manager/game/simulation/play_match.go:110.29,112.3 1 1
manager/game/simulation/play_match.go:113.2,113.17 1 1
manager/game/simulation/play_match.go:116.65,122.2 4 1
manager/game/simulation/play_match.go:124.71,132.2 5 1
manager/game/simulation/play_match.go:134.48,140.2 3 1
manager/game/simulation/play_match.go:142.50,144.2 1 1
manager/game/simulation/play_match.go:146.62,163.2 3 1
manager/game/simulation/training.go:9.94,17.2 1 1
manager/game/internal/infrastructure/database/repository/find_pending_trainings.go:9.60,20.2 1 1
manager/game/internal/infrastructure/scheduler/scheduler.go:24.94,30.2 1 1
manager/game/internal/infrastructure/scheduler/scheduler.go:32.46,33.39 1 1
manager/game/internal/infrastructure/scheduler/scheduler.go:33.39,36.3 2 1
manager/game/internal/infrastructure/scheduler/scheduler.go:38.2,41.6 3 1
manager/game/internal/infrastructure/scheduler/scheduler.go:41.6,42.10 1 1
manager/game/internal/infrastructure/scheduler/scheduler.go:43.21,44.10 1 1
manager/game/internal/infrastructure/scheduler/scheduler.go:45.19,46.15 1 1
manager/game/internal/infrastructure/scheduler/scheduler.go:51.50,55.66 3 1
manager/game/internal/infrastructure/scheduler/scheduler.go:55.66,57.3 1 0
manager/game/internal/infrastructure/scheduler/scheduler.go:58.2,58.16 1 1
manager/game/internal/infrastructure/scheduler/scheduler.go:58.16,61.3 2 1
manager/game/internal/infrastructure/scheduler/scheduler.go:63.2,66.14 3 1
manager/game/internal/infrastructure/scheduler/scheduler.go:69.47,73.22 3 1
manager/game/internal/infrastructure/scheduler/scheduler.go:73.22,75.3 1 1
manager/game/internal/infrastructure/scheduler/scheduler.go:76.2,77.20 2 1
manager/game/internal/infrastructure/scheduler/scheduler.go:77.20,79.3 1 1
manager/game/internal/infrastructure/scheduler/scheduler.go:81.2,83.16 3 1
manager/game/internal/infrastructure/scheduler/scheduler.go:83.16,86.3 2 1
manager/game/internal/infrastructure/scheduler/scheduler.go:88.2,90.30 2 0
manager/game/internal/infrastructure/scheduler/scheduler.go:90.30,92.32 2 0
manager/game/internal/infrastructure/scheduler/scheduler.go:92.32,94.4 1 0
manager/game/internal/infrastructure/scheduler/scheduler.go:97.2,97.28 1 0
manager/game/internal/infrastructure/scheduler/scheduler.go:97.28,99.32 2 0
manager/game/internal/infrastructure/scheduler/scheduler.go:99.32,100.57 1 0
manager/game/internal/infrastructure/scheduler/scheduler.go:100.57,102.5 1 0
manager/game/internal/infrastructure/scheduler/scheduler.go:106.2,107.121 2 0
manager/game/internal/infrastructure/scheduler/scheduler.go:110.71,111.21 1 1
manager/game/internal/infrastructure/scheduler/scheduler.go:111.21,113.3 1 1
manager/game/internal/infrastructure/scheduler/scheduler.go:115.2,118.29 3 1
manager/game/internal/infrastructure/scheduler/scheduler.go:118.29,122.22 3 1
manager/game/internal/infrastructure/scheduler/scheduler.go:122.22,124.17 2 1
manager/game/internal/infrastructure/scheduler/scheduler.go:124.17,124.26 1 1
manager/game/internal/infrastructure/scheduler/scheduler.go:125.4,125.8 1 1
manager/game/internal/infrastructure/scheduler/scheduler.go:129.2,129.11 1 1
manager/game/internal/infrastructure/scheduler/scheduler.go:132.87,151.17 2 1
manager/game/internal/infrastructure/scheduler/scheduler.go:151.17,153.3 1 1
manager/game/internal/infrastructure/scheduler/scheduler.go:155.2,155.24 1 1
manager/game/internal/infrastructure/scheduler/scheduler.go:155.24,165.18 2 1
manager/game/internal/infrastructure/scheduler/scheduler.go:165.18,167.4 1 1
manager/game/internal/infrastructure/scheduler/scheduler.go:169.3,174.18 1 1
manager/game/internal/infrastructure/scheduler/scheduler.go:174.18,176.4 1 0
manager/game/internal/infrastructure/scheduler/scheduler.go:178.3,178.42 1 1
manager/game/internal/infrastructure/scheduler/scheduler.go:181.2,186.4 1 1
manager/game/internal/infrastructure/scheduler/scheduler.go:189.122,190.28 1 1
manager/game/internal/infrastructure/scheduler/scheduler.go:190.28,192.3 1 1
manager/game/internal/infrastructure/scheduler/scheduler.go:194.2,194.27 1 1
manager/game/internal/infrastructure/scheduler/scheduler.go:194.27,196.3 1 1
manager/game/internal/infrastructure/scheduler/scheduler.go:198.2,198.106 1 1
manager/game/internal/infrastructure/database/generated/auth.sql.go:44.87,66.2 4 1
manager/game/internal/infrastructure/database/generated/auth.sql.go:74.86,89.2 4 1
manager/game/internal/infrastructure/database/generated/auth.sql.go:97.80,112.2 4 1
manager/game/internal/infrastructure/database/generated/auth.sql.go:127.106,142.2 4 1
manager/game/internal/infrastructure/database/generated/club.sql.go:47.87,70.2 4 1
manager/game/internal/infrastructure/database/generated/club.sql.go:79.82,94.2 4 1
manager/game/internal/infrastructure/database/generated/club.sql.go:102.87,104.16 2 1
manager/game/internal/infrastructure/database/generated/club.sql.go:104.16,106.3 1 1
manager/game/internal/infrastructure/database/generated/club.sql.go:107.2,109.18 3 1
manager/game/internal/infrastructure/database/generated/club.sql.go:109.18,121.17 2 1
manager/game/internal/infrastructure/database/generated/club.sql.go:121.17,123.4 1 1
manager/game/internal/infrastructure/database/generated/club.sql.go:124.3,124.27 1 1
manager/game/internal/infrastructure/database/generated/club.sql.go:126.2,126.37 1 1
manager/game/internal/infrastructure/database/generated/club.sql.go:126.37,128.3 1 0
manager/game/internal/infrastructure/database/generated/club.sql.go:129.2,129.35 1 1
manager/game/internal/infrastructure/database/generated/club.sql.go:129.35,131.3 1 1
manager/game/internal/infrastructure/database/generated/club.sql.go:132.2,132.19 1 1
manager/game/internal/infrastructure/database/generated/db.go:19.28,21.2 1 1
manager/game/internal/infrastructure/database/generated/db.go:27.47,31.2 1 1
manager/game/internal/infrastructure/database/generated/match.sql.go:41.90,65.2 4 1
manager/game/internal/infrastructure/database/generated/match.sql.go:99.105,122.2 4 1
manager/game/internal/infrastructure/database/generated/match.sql.go:134.72,137.2 2 1
manager/game/internal/infrastructure/database/generated/match.sql.go:147.92,149.16 2 1
manager/game/internal/infrastructure/database/generated/match.sql.go:149.16,151.3 1 1
manager/game/internal/infrastructure/database/generated/match.sql.go:152.2,154.18 3 1
manager/game/internal/infrastructure/database/generated/match.sql.go:154.18,169.17 2 1
manager/game/internal/infrastructure/database/generated/match.sql.go:169.17,171.4 1 0
manager/game/internal/infrastructure/database/generated/match.sql.go:172.3,172.27 1 1
manager/game/internal/infrastructure/database/generated/match.sql.go:174.2,174.37 1 1
manager/game/internal/infrastructure/database/generated/match.sql.go:174.37,176.3 1 0
manager/game/internal/infrastructure/database/generated/match.sql.go:177.2,177.35 1 1
manager/game/internal/infrastructure/database/generated/match.sql.go:177.35,179.3 1 1
manager/game/internal/infrastructure/database/generated/match.sql.go:180.2,180.19 1 1
manager/game/internal/infrastructure/database/generated/match.sql.go:201.105,209.2 2 1
manager/game/internal/infrastructure/database/generated/match.sql.go:247.108,267.2 4 1
manager/game/internal/infrastructure/database/generated/player.sql.go:43.93,62.2 4 1
manager/game/internal/infrastructure/database/generated/player.sql.go:70.94,72.16 2 1
manager/game/internal/infrastructure/database/generated/player.sql.go:72.16,74.3 1 1
manager/game/internal/infrastructure/database/generated/player.sql.go:75.2,77.18 3 1
manager/game/internal/infrastructure/database/generated/player.sql.go:77.18,86.17 2 1
manager/game/internal/infrastructure/database/generated/player.sql.go:86.17,88.4 1 0
manager/game/internal/infrastructure/database/generated/player.sql.go:89.3,89.27 1 1
manager/game/internal/infrastructure/database/generated/player.sql.go:91.2,91.37 1 1
manager/game/internal/infrastructure/database/generated/player.sql.go:91.37,93.3 1 0
manager/game/internal/infrastructure/database/generated/player.sql.go:94.2,94.35 1 1
manager/game/internal/infrastructure/database/generated/player.sql.go:94.35,96.3 1 1
manager/game/internal/infrastructure/database/generated/player.sql.go:97.2,97.19 1 1
manager/game/internal/infrastructure/database/generated/player.sql.go:106.80,118.2 4 1
manager/game/internal/infrastructure/database/generated/player.sql.go:126.78,129.2 2 1
manager/game/internal/infrastructure/database/generated/player.sql.go:136.70,138.16 2 1
manager/game/internal/infrastructure/database/generated/player.sql.go:138.16,140.3 1 1
manager/game/internal/infrastructure/database/generated/player.sql.go:141.2,143.18 3 1
manager/game/internal/infrastructure/database/generated/player.sql.go:143.18,152.17 2 1
manager/game/internal/infrastructure/database/generated/player.sql.go:152.17,154.4 1 0
manager/game/internal/infrastructure/database/generated/player.sql.go:155.3,155.27 1 1
manager/game/internal/infrastructure/database/generated/player.sql.go:157.2,157.37 1 1
manager/game/internal/infrastructure/database/generated/player.sql.go:157.37,159.3 1 0
manager/game/internal/infrastructure/database/generated/player.sql.go:160.2,160.35 1 1
manager/game/internal/infrastructure/database/generated/player.sql.go:160.35,162.3 1 1
manager/game/internal/infrastructure/database/generated/player.sql.go:163.2,163.19 1 1
manager/game/internal/infrastructure/database/generated/player.sql.go:187.93,206.2 4 1
manager/game/internal/infrastructure/database/generated/player.sql.go:225.113,242.2 4 1
manager/game/internal/infrastructure/database/generated/user_meta.sql.go:22.97,35.2 4 1
manager/game/internal/infrastructure/database/generated/user_meta.sql.go:70.100,89.2 4 1
manager/game/internal/api/auth_handler.go:58.82,63.2 1 0
manager/game/internal/api/auth_handler.go:65.71,67.2 1 0
manager/game/internal/api/auth_handler.go:69.70,70.22 1 0
manager/game/internal/api/auth_handler.go:70.22,73.3 2 0
manager/game/internal/api/auth_handler.go:75.2,76.61 2 0
manager/game/internal/api/auth_handler.go:76.61,79.3 2 0
manager/game/internal/api/auth_handler.go:81.2,82.16 2 0
manager/game/internal/api/auth_handler.go:82.16,85.3 2 0
manager/game/internal/api/auth_handler.go:87.2,87.27 1 0
manager/game/internal/api/auth_handler.go:87.27,90.3 2 0
manager/game/internal/api/auth_handler.go:92.2,93.16 2 0
manager/game/internal/api/auth_handler.go:93.16,96.3 2 0
manager/game/internal/api/auth_handler.go:97.2,97.36 1 0
manager/game/internal/api/auth_handler.go:97.36,100.3 2 0
manager/game/internal/api/auth_handler.go:102.2,103.16 2 0
manager/game/internal/api/auth_handler.go:103.16,106.3 2 0
manager/game/internal/api/auth_handler.go:108.2,109.16 2 0
manager/game/internal/api/auth_handler.go:109.16,112.3 2 0
manager/game/internal/api/auth_handler.go:114.2,123.16 3 0
manager/game/internal/api/auth_handler.go:123.16,126.3 2 0
manager/game/internal/api/auth_handler.go:128.2,128.74 1 0
manager/game/internal/api/auth_handler.go:128.74,131.3 2 0
manager/game/internal/api/auth_handler.go:133.2,136.4 1 0
manager/game/internal/api/auth_handler.go:139.70,140.22 1 0
manager/game/internal/api/auth_handler.go:140.22,143.3 2 0
manager/game/internal/api/auth_handler.go:145.2,146.61 2 0
manager/game/internal/api/auth_handler.go:146.61,149.3 2 0
manager/game/internal/api/auth_handler.go:151.2,152.16 2 0
manager/game/internal/api/auth_handler.go:152.16,155.3 2 0
manager/game/internal/api/auth_handler.go:157.2,158.16 2 0
manager/game/internal/api/auth_handler.go:158.16,161.3 2 0
manager/game/internal/api/auth_handler.go:163.2,163.18 1 0
manager/game/internal/api/auth_handler.go:163.18,166.3 2 0
manager/game/internal/api/auth_handler.go:168.2,168.103 1 0
manager/game/internal/api/auth_handler.go:168.103,171.3 2 0
manager/game/internal/api/auth_handler.go:173.2,174.16 2 0
manager/game/internal/api/auth_handler.go:174.16,177.3 2 0
manager/game/internal/api/auth_handler.go:179.2,179.59 1 0
manager/game/internal/api/auth_handler.go:182.75,184.17 2 0
manager/game/internal/api/auth_handler.go:184.17,187.3 2 0
manager/game/internal/api/auth_handler.go:189.2,190.16 2 0
manager/game/internal/api/auth_handler.go:190.16,191.36 1 0
manager/game/internal/api/auth_handler.go:191.36,194.4 2 0
manager/game/internal/api/auth_handler.go:196.3,197.9 2 0
manager/game/internal/api/auth_handler.go:200.2,200.92 1 0
manager/game/internal/api/auth_handler.go:203.66,205.16 2 0
manager/game/internal/api/auth_handler.go:205.16,208.3 2 0
manager/game/internal/api/auth_handler.go:210.2,211.16 2 0
manager/game/internal/api/auth_handler.go:211.16,214.3 2 0
manager/game/internal/api/auth_handler.go:216.2,216.78 1 0
manager/game/internal/api/auth_handler.go:219.82,232.2 5 0
manager/game/internal/api/auth_handler.go:234.72,235.87 1 0
manager/game/internal/api/auth_handler.go:235.87,237.3 1 0
manager/game/internal/api/auth_handler.go:239.2,244.16 3 0
manager/game/internal/api/auth_handler.go:244.16,246.3 1 0
manager/game/internal/api/auth_handler.go:248.2,256.88 3 0
manager/game/internal/api/auth_handler.go:256.88,258.3 1 0
manager/game/internal/api/auth_handler.go:260.2,260.12 1 0
manager/game/internal/api/auth_handler.go:263.56,265.19 2 0
manager/game/internal/api/auth_handler.go:265.19,267.3 1 0
manager/game/internal/api/auth_handler.go:269.2,290.3 1 0
manager/game/internal/api/auth_handler.go:293.62,295.27 2 0
manager/game/internal/api/auth_handler.go:295.27,297.3 1 0
manager/game/internal/api/auth_handler.go:299.2,299.62 1 0
manager/game/internal/api/auth_handler.go:299.62,301.3 1 0
manager/game/internal/api/auth_handler.go:303.2,303.29 1 0
manager/game/internal/api/auth_handler.go:306.46,308.50 2 0
manager/game/internal/api/auth_handler.go:308.50,310.3 1 0
manager/game/internal/api/auth_handler.go:312.2,312.63 1 0
manager/game/internal/api/auth_handler.go:315.66,319.2 3 0
manager/game/internal/api/auth_middleware.go:18.78,19.46 1 0
manager/game/internal/api/auth_middleware.go:19.46,20.72 1 0
manager/game/internal/api/auth_middleware.go:20.72,22.18 2 0
manager/game/internal/api/auth_middleware.go:22.18,25.5 2 0
manager/game/internal/api/auth_middleware.go:27.4,27.94 1 0
manager/game/internal/api/auth_middleware.go:32.63,34.9 2 0
manager/game/internal/api/auth_middleware.go:34.9,36.3 1 0
manager/game/internal/api/auth_middleware.go:38.2,38.21 1 0
manager/game/internal/api/auth_middleware.go:41.87,43.47 2 0
manager/game/internal/api/auth_middleware.go:43.47,45.3 1 0
manager/game/internal/api/auth_middleware.go:47.2,48.20 2 0
manager/game/internal/api/auth_middleware.go:48.20,50.3 1 0
manager/game/internal/api/auth_middleware.go:52.2,52.80 1 0
manager/game/internal/api/auth_middleware.go:52.80,53.45 1 0
manager/game/internal/api/auth_middleware.go:53.45,55.4 1 0
manager/game/internal/api/auth_middleware.go:56.3,56.32 1 0
manager/game/internal/api/auth_middleware.go:58.2,58.32 1 0
manager/game/internal/api/auth_middleware.go:58.32,60.3 1 0
manager/game/internal/api/auth_middleware.go:62.2,63.9 2 0
manager/game/internal/api/auth_middleware.go:63.9,65.3 1 0
manager/game/internal/api/auth_middleware.go:67.2,68.47 2 0
manager/game/internal/api/auth_middleware.go:68.47,70.3 1 0
manager/game/internal/api/auth_middleware.go:72.2,73.16 2 0
manager/game/internal/api/auth_middleware.go:73.16,75.3 1 0
manager/game/internal/api/auth_middleware.go:77.2,77.20 1 0
manager/game/internal/api/club_handler.go:26.63,28.2 1 0
manager/game/internal/api/club_handler.go:30.73,31.22 1 0
manager/game/internal/api/club_handler.go:31.22,34.3 2 0
manager/game/internal/api/club_handler.go:36.2,37.9 2 0
manager/game/internal/api/club_handler.go:37.9,40.3 2 0
manager/game/internal/api/club_handler.go:42.2,43.16 2 0
manager/game/internal/api/club_handler.go:43.16,46.3 2 0
manager/game/internal/api/club_handler.go:48.2,49.57 2 0
manager/game/internal/api/club_handler.go:49.57,51.3 1 0
manager/game/internal/api/club_handler.go:54.74,55.22 1 0
manager/game/internal/api/club_handler.go:55.22,58.3 2 0
manager/game/internal/api/club_handler.go:60.2,61.9 2 0
manager/game/internal/api/club_handler.go:61.9,64.3 2 0
manager/game/internal/api/club_handler.go:66.2,67.61 2 0
manager/game/internal/api/club_handler.go:67.61,70.3 2 0
manager/game/internal/api/club_handler.go:72.2,78.113 6 0
manager/game/internal/api/club_handler.go:78.113,81.3 2 0
manager/game/internal/api/club_handler.go:83.2,84.16 2 0
manager/game/internal/api/club_handler.go:84.16,87.3 2 0
manager/game/internal/api/club_handler.go:88.2,88.36 1 0
manager/game/internal/api/club_handler.go:88.36,91.3 2 0
manager/game/internal/api/club_handler.go:93.2,102.16 2 0
manager/game/internal/api/club_handler.go:102.16,105.3 2 0
manager/game/internal/api/club_handler.go:107.2,109.56 3 0
manager/game/internal/api/club_handler.go:109.56,111.3 1 0
manager/game/internal/api/router.go:12.73,19.29 5 0
manager/game/internal/api/router.go:19.29,22.41 2 0
manager/game/internal/api/router.go:22.41,23.60 1 0
manager/game/internal/api/router.go:23.60,27.5 3 0
manager/game/internal/api/router.go:30.3,30.40 1 0
manager/game/internal/api/router.go:30.40,33.4 2 0
manager/game/internal/api/router.go:36.2,36.38 1 0
manager/game/internal/api/router.go:36.38,41.30 5 0
manager/game/internal/api/router.go:41.30,44.4 2 0
manager/game/internal/api/router.go:47.2,47.10 1 0
manager/game/engine/engine.go:17.20,21.2 1 0
manager/game/engine/engine.go:23.88,26.2 2 0
manager/game/engine/engine.go:28.61,30.2 0 0
manager/game/engine/engine.go:42.81,52.2 1 0
manager/game/engine/engine.go:54.30,57.2 2 0
manager/game/engine/engine.go:59.32,61.2 1 0
manager/game/engine/engine.go:63.32,65.2 1 0
manager/game/engine/engine.go:67.33,69.2 1 0
manager/game/engine/engine.go:71.32,73.2 1 0
manager/game/engine/engine.go:75.33,77.2 1 0
manager/game/internal/config/config.go:23.20,38.2 1 0
manager/game/internal/config/config.go:40.51,41.42 1 0
manager/game/internal/config/config.go:41.42,43.3 1 0
manager/game/internal/config/config.go:45.2,45.17 1 0
manager/game/internal/config/config.go:48.57,50.15 2 0
manager/game/internal/config/config.go:50.15,52.3 1 0
manager/game/internal/config/config.go:54.2,55.16 2 0
manager/game/internal/config/config.go:55.16,57.3 1 0
manager/game/internal/config/config.go:59.2,59.15 1 0
manager/game/internal/domain/training/training.go:19.42,20.12 1 0
manager/game/internal/domain/training/training.go:21.9,21.30 1 0
manager/game/internal/domain/training/training.go:22.9,22.27 1 0
manager/game/internal/domain/training/training.go:23.10,23.29 1 0
manager/game/internal/domain/training/training.go:24.10,24.27 1 0
manager/game/internal/domain/training/training.go:43.41,44.11 1 0
manager/game/internal/domain/training/training.go:45.12,45.23 1 0
manager/game/internal/domain/training/training.go:46.14,46.25 1 0
manager/game/internal/domain/training/training.go:47.15,47.26 1 0
manager/game/internal/domain/training/training.go:48.10,48.21 1 0
manager/game/internal/domain/training/training.go:63.39,65.11 1 0
manager/game/internal/domain/training/training.go:66.17,66.36 1 0
manager/game/internal/domain/training/training.go:67.15,67.32 1 0
manager/game/internal/domain/training/training.go:68.17,68.34 1 0
manager/game/internal/domain/training/training.go:69.16,69.26 1 0
manager/game/internal/domain/training/training.go:70.13,70.28 1 0
manager/game/internal/domain/training/training.go:71.16,71.26 1 0
manager/game/internal/domain/training/training.go:72.15,72.45 1 0
manager/game/internal/domain/training/training.go:73.19,73.29 1 0
manager/game/internal/domain/training/training.go:74.10,74.27 1 0
manager/game/internal/infrastructure/mailer/verification_template.go:19.77,21.75 2 0
manager/game/internal/infrastructure/mailer/verification_template.go:21.75,23.3 1 0
manager/game/internal/infrastructure/mailer/verification_template.go:25.2,25.31 1 0
manager/game/cmd/api/main.go:20.13,25.27 3 0
manager/game/cmd/api/main.go:25.27,27.3 1 0
manager/game/cmd/api/main.go:28.2,28.29 1 0
manager/game/cmd/api/main.go:28.29,30.3 1 0
manager/game/cmd/api/main.go:32.2,33.16 2 0
manager/game/cmd/api/main.go:33.16,35.3 1 0
manager/game/cmd/api/main.go:36.2,48.66 9 0
manager/game/cmd/api/main.go:48.66,50.3 1 0
