mode: set
manager/game/internal/infrastructure/scheduler/scheduler.go:24.94,30.2 1 1
manager/game/internal/infrastructure/scheduler/scheduler.go:32.46,33.39 1 1
manager/game/internal/infrastructure/scheduler/scheduler.go:33.39,36.3 2 1
manager/game/internal/infrastructure/scheduler/scheduler.go:38.2,41.6 3 1
manager/game/internal/infrastructure/scheduler/scheduler.go:41.6,42.10 1 1
manager/game/internal/infrastructure/scheduler/scheduler.go:43.21,44.10 1 1
manager/game/internal/infrastructure/scheduler/scheduler.go:45.19,46.15 1 1
manager/game/internal/infrastructure/scheduler/scheduler.go:51.50,55.66 3 1
manager/game/internal/infrastructure/scheduler/scheduler.go:55.66,57.3 1 0
manager/game/internal/infrastructure/scheduler/scheduler.go:58.2,58.16 1 1
manager/game/internal/infrastructure/scheduler/scheduler.go:58.16,61.3 2 1
manager/game/internal/infrastructure/scheduler/scheduler.go:63.2,66.14 3 1
manager/game/internal/infrastructure/scheduler/scheduler.go:69.47,73.22 3 1
manager/game/internal/infrastructure/scheduler/scheduler.go:73.22,75.3 1 1
manager/game/internal/infrastructure/scheduler/scheduler.go:76.2,77.20 2 1
manager/game/internal/infrastructure/scheduler/scheduler.go:77.20,79.3 1 1
manager/game/internal/infrastructure/scheduler/scheduler.go:81.2,83.16 3 1
manager/game/internal/infrastructure/scheduler/scheduler.go:83.16,86.3 2 1
manager/game/internal/infrastructure/scheduler/scheduler.go:88.2,90.30 2 0
manager/game/internal/infrastructure/scheduler/scheduler.go:90.30,92.32 2 0
manager/game/internal/infrastructure/scheduler/scheduler.go:92.32,94.4 1 0
manager/game/internal/infrastructure/scheduler/scheduler.go:97.2,97.28 1 0
manager/game/internal/infrastructure/scheduler/scheduler.go:97.28,99.32 2 0
manager/game/internal/infrastructure/scheduler/scheduler.go:99.32,100.57 1 0
manager/game/internal/infrastructure/scheduler/scheduler.go:100.57,102.5 1 0
manager/game/internal/infrastructure/scheduler/scheduler.go:106.2,107.121 2 0
manager/game/internal/infrastructure/scheduler/scheduler.go:110.71,111.21 1 1
manager/game/internal/infrastructure/scheduler/scheduler.go:111.21,113.3 1 1
manager/game/internal/infrastructure/scheduler/scheduler.go:115.2,118.29 3 1
manager/game/internal/infrastructure/scheduler/scheduler.go:118.29,122.22 3 1
manager/game/internal/infrastructure/scheduler/scheduler.go:122.22,124.17 2 1
manager/game/internal/infrastructure/scheduler/scheduler.go:124.17,124.26 1 1
manager/game/internal/infrastructure/scheduler/scheduler.go:125.4,125.8 1 1
manager/game/internal/infrastructure/scheduler/scheduler.go:129.2,129.11 1 1
manager/game/internal/infrastructure/scheduler/scheduler.go:132.87,151.17 2 1
manager/game/internal/infrastructure/scheduler/scheduler.go:151.17,153.3 1 1
manager/game/internal/infrastructure/scheduler/scheduler.go:155.2,155.24 1 1
manager/game/internal/infrastructure/scheduler/scheduler.go:155.24,165.18 2 1
manager/game/internal/infrastructure/scheduler/scheduler.go:165.18,167.4 1 1
manager/game/internal/infrastructure/scheduler/scheduler.go:169.3,174.18 1 1
manager/game/internal/infrastructure/scheduler/scheduler.go:174.18,176.4 1 0
manager/game/internal/infrastructure/scheduler/scheduler.go:178.3,178.42 1 1
manager/game/internal/infrastructure/scheduler/scheduler.go:181.2,186.4 1 1
manager/game/internal/infrastructure/scheduler/scheduler.go:189.122,190.28 1 1
manager/game/internal/infrastructure/scheduler/scheduler.go:190.28,192.3 1 1
manager/game/internal/infrastructure/scheduler/scheduler.go:194.2,194.27 1 1
manager/game/internal/infrastructure/scheduler/scheduler.go:194.27,196.3 1 1
manager/game/internal/infrastructure/scheduler/scheduler.go:198.2,198.106 1 1
manager/game/simulation/play_match.go:36.58,48.15 4 1
manager/game/simulation/play_match.go:48.15,49.23 1 1
manager/game/simulation/play_match.go:49.23,52.4 2 1
manager/game/simulation/play_match.go:52.9,55.4 2 0
manager/game/simulation/play_match.go:56.3,56.17 1 1
manager/game/simulation/play_match.go:59.2,59.16 1 1
manager/game/simulation/play_match.go:59.16,63.3 3 1
manager/game/simulation/play_match.go:65.2,68.27 3 1
manager/game/simulation/play_match.go:68.27,72.3 3 1
manager/game/simulation/play_match.go:72.8,72.49 1 1
manager/game/simulation/play_match.go:72.49,76.3 3 1
manager/game/simulation/play_match.go:76.8,78.3 1 1
manager/game/simulation/play_match.go:80.2,80.29 1 1
manager/game/simulation/play_match.go:80.29,84.3 3 1
manager/game/simulation/play_match.go:86.2,86.16 1 1
manager/game/simulation/play_match.go:89.51,97.2 3 1
manager/game/simulation/play_match.go:99.34,100.14 1 1
manager/game/simulation/play_match.go:100.14,102.3 1 1
manager/game/simulation/play_match.go:103.2,103.28 1 1
manager/game/simulation/play_match.go:103.28,105.3 1 1
manager/game/simulation/play_match.go:106.2,106.13 1 1
manager/game/simulation/play_match.go:109.29,110.29 1 1
manager/game/simulation/play_match.go:110.29,112.3 1 1
manager/game/simulation/play_match.go:113.2,113.17 1 1
manager/game/simulation/play_match.go:116.65,122.2 4 1
manager/game/simulation/play_match.go:124.71,132.2 5 1
manager/game/simulation/play_match.go:134.48,140.2 3 1
manager/game/simulation/play_match.go:142.50,144.2 1 1
manager/game/simulation/play_match.go:146.62,163.2 3 1
manager/game/simulation/training.go:9.94,17.2 1 1
manager/game/internal/infrastructure/database/generated/auth.sql.go:44.87,66.2 4 1
manager/game/internal/infrastructure/database/generated/auth.sql.go:74.86,89.2 4 1
manager/game/internal/infrastructure/database/generated/auth.sql.go:97.80,112.2 4 1
manager/game/internal/infrastructure/database/generated/auth.sql.go:127.106,142.2 4 1
manager/game/internal/infrastructure/database/generated/club.sql.go:47.87,70.2 4 1
manager/game/internal/infrastructure/database/generated/club.sql.go:79.82,94.2 4 1
manager/game/internal/infrastructure/database/generated/club.sql.go:102.87,104.16 2 1
manager/game/internal/infrastructure/database/generated/club.sql.go:104.16,106.3 1 1
manager/game/internal/infrastructure/database/generated/club.sql.go:107.2,109.18 3 1
manager/game/internal/infrastructure/database/generated/club.sql.go:109.18,121.17 2 1
manager/game/internal/infrastructure/database/generated/club.sql.go:121.17,123.4 1 1
manager/game/internal/infrastructure/database/generated/club.sql.go:124.3,124.27 1 1
manager/game/internal/infrastructure/database/generated/club.sql.go:126.2,126.37 1 1
manager/game/internal/infrastructure/database/generated/club.sql.go:126.37,128.3 1 0
manager/game/internal/infrastructure/database/generated/club.sql.go:129.2,129.35 1 1
manager/game/internal/infrastructure/database/generated/club.sql.go:129.35,131.3 1 1
manager/game/internal/infrastructure/database/generated/club.sql.go:132.2,132.19 1 1
manager/game/internal/infrastructure/database/generated/db.go:19.28,21.2 1 1
manager/game/internal/infrastructure/database/generated/db.go:27.47,31.2 1 1
manager/game/internal/infrastructure/database/generated/match.sql.go:41.90,65.2 4 1
manager/game/internal/infrastructure/database/generated/match.sql.go:99.105,122.2 4 1
manager/game/internal/infrastructure/database/generated/match.sql.go:134.72,137.2 2 1
manager/game/internal/infrastructure/database/generated/match.sql.go:147.92,149.16 2 1
manager/game/internal/infrastructure/database/generated/match.sql.go:149.16,151.3 1 1
manager/game/internal/infrastructure/database/generated/match.sql.go:152.2,154.18 3 1
manager/game/internal/infrastructure/database/generated/match.sql.go:154.18,169.17 2 1
manager/game/internal/infrastructure/database/generated/match.sql.go:169.17,171.4 1 0
manager/game/internal/infrastructure/database/generated/match.sql.go:172.3,172.27 1 1
manager/game/internal/infrastructure/database/generated/match.sql.go:174.2,174.37 1 1
manager/game/internal/infrastructure/database/generated/match.sql.go:174.37,176.3 1 0
manager/game/internal/infrastructure/database/generated/match.sql.go:177.2,177.35 1 1
manager/game/internal/infrastructure/database/generated/match.sql.go:177.35,179.3 1 1
manager/game/internal/infrastructure/database/generated/match.sql.go:180.2,180.19 1 1
manager/game/internal/infrastructure/database/generated/match.sql.go:201.105,209.2 2 1
manager/game/internal/infrastructure/database/generated/match.sql.go:247.108,267.2 4 1
manager/game/internal/infrastructure/database/generated/player.sql.go:43.93,62.2 4 1
manager/game/internal/infrastructure/database/generated/player.sql.go:70.94,72.16 2 1
manager/game/internal/infrastructure/database/generated/player.sql.go:72.16,74.3 1 1
manager/game/internal/infrastructure/database/generated/player.sql.go:75.2,77.18 3 1
manager/game/internal/infrastructure/database/generated/player.sql.go:77.18,86.17 2 1
manager/game/internal/infrastructure/database/generated/player.sql.go:86.17,88.4 1 0
manager/game/internal/infrastructure/database/generated/player.sql.go:89.3,89.27 1 1
manager/game/internal/infrastructure/database/generated/player.sql.go:91.2,91.37 1 1
manager/game/internal/infrastructure/database/generated/player.sql.go:91.37,93.3 1 0
manager/game/internal/infrastructure/database/generated/player.sql.go:94.2,94.35 1 1
manager/game/internal/infrastructure/database/generated/player.sql.go:94.35,96.3 1 1
manager/game/internal/infrastructure/database/generated/player.sql.go:97.2,97.19 1 1
manager/game/internal/infrastructure/database/generated/player.sql.go:106.80,118.2 4 1
manager/game/internal/infrastructure/database/generated/player.sql.go:126.78,129.2 2 1
manager/game/internal/infrastructure/database/generated/player.sql.go:136.70,138.16 2 1
manager/game/internal/infrastructure/database/generated/player.sql.go:138.16,140.3 1 1
manager/game/internal/infrastructure/database/generated/player.sql.go:141.2,143.18 3 1
manager/game/internal/infrastructure/database/generated/player.sql.go:143.18,152.17 2 1
manager/game/internal/infrastructure/database/generated/player.sql.go:152.17,154.4 1 0
manager/game/internal/infrastructure/database/generated/player.sql.go:155.3,155.27 1 1
manager/game/internal/infrastructure/database/generated/player.sql.go:157.2,157.37 1 1
manager/game/internal/infrastructure/database/generated/player.sql.go:157.37,159.3 1 0
manager/game/internal/infrastructure/database/generated/player.sql.go:160.2,160.35 1 1
manager/game/internal/infrastructure/database/generated/player.sql.go:160.35,162.3 1 1
manager/game/internal/infrastructure/database/generated/player.sql.go:163.2,163.19 1 1
manager/game/internal/infrastructure/database/generated/player.sql.go:187.93,206.2 4 1
manager/game/internal/infrastructure/database/generated/player.sql.go:225.113,242.2 4 1
manager/game/internal/infrastructure/database/generated/user_meta.sql.go:22.97,35.2 4 1
manager/game/internal/infrastructure/database/generated/user_meta.sql.go:70.100,89.2 4 1
manager/game/internal/infrastructure/database/repository/find_pending_trainings.go:9.60,20.2 1 1
